<?xml version="1.0" encoding="UTF-8"?>
<testsuite xmlns:xsi="http://www.w3.org/2001/XMLSchema-instance" xsi:noNamespaceSchemaLocation="https://maven.apache.org/surefire/maven-surefire-plugin/xsd/surefire-test-report.xsd" name="pioneer.seahorse.distribution.dao.DeliveryclerkDaoTest" time="0.348" tests="1" errors="0" skipped="0" failures="0">
  <properties>
    <property name="sun.desktop" value="windows"/>
    <property name="awt.toolkit" value="sun.awt.windows.WToolkit"/>
    <property name="file.encoding.pkg" value="sun.io"/>
    <property name="java.specification.version" value="1.8"/>
    <property name="sun.cpu.isalist" value="amd64"/>
    <property name="sun.jnu.encoding" value="GBK"/>
    <property name="java.class.path" value="D:\Java\workspace\sea.horse\sea.horse-dao\target\test-classes;D:\Java\workspace\sea.horse\sea.horse-dao\target\classes;D:\Java\apache-maven-3.6.0\Repository\org\hibernate\hibernate-entitymanager\5.4.2.Final\hibernate-entitymanager-5.4.2.Final.jar;D:\Java\apache-maven-3.6.0\Repository\org\jboss\logging\jboss-logging\3.3.2.Final\jboss-logging-3.3.2.Final.jar;D:\Java\apache-maven-3.6.0\Repository\org\hibernate\hibernate-core\5.4.2.Final\hibernate-core-5.4.2.Final.jar;D:\Java\apache-maven-3.6.0\Repository\org\javassist\javassist\3.24.0-GA\javassist-3.24.0-GA.jar;D:\Java\apache-maven-3.6.0\Repository\antlr\antlr\2.7.7\antlr-2.7.7.jar;D:\Java\apache-maven-3.6.0\Repository\org\jboss\jandex\2.0.5.Final\jandex-2.0.5.Final.jar;D:\Java\apache-maven-3.6.0\Repository\com\fasterxml\classmate\1.3.4\classmate-1.3.4.jar;D:\Java\apache-maven-3.6.0\Repository\javax\activation\javax.activation-api\1.2.0\javax.activation-api-1.2.0.jar;D:\Java\apache-maven-3.6.0\Repository\javax\xml\bind\jaxb-api\2.3.1\jaxb-api-2.3.1.jar;D:\Java\apache-maven-3.6.0\Repository\org\glassfish\jaxb\jaxb-runtime\2.3.1\jaxb-runtime-2.3.1.jar;D:\Java\apache-maven-3.6.0\Repository\org\glassfish\jaxb\txw2\2.3.1\txw2-2.3.1.jar;D:\Java\apache-maven-3.6.0\Repository\com\sun\istack\istack-commons-runtime\3.0.7\istack-commons-runtime-3.0.7.jar;D:\Java\apache-maven-3.6.0\Repository\org\jvnet\staxex\stax-ex\1.8\stax-ex-1.8.jar;D:\Java\apache-maven-3.6.0\Repository\com\sun\xml\fastinfoset\FastInfoset\1.2.15\FastInfoset-1.2.15.jar;D:\Java\apache-maven-3.6.0\Repository\org\dom4j\dom4j\2.1.1\dom4j-2.1.1.jar;D:\Java\apache-maven-3.6.0\Repository\org\hibernate\common\hibernate-commons-annotations\5.1.0.Final\hibernate-commons-annotations-5.1.0.Final.jar;D:\Java\apache-maven-3.6.0\Repository\javax\persistence\javax.persistence-api\2.2\javax.persistence-api-2.2.jar;D:\Java\apache-maven-3.6.0\Repository\net\bytebuddy\byte-buddy\1.9.10\byte-buddy-1.9.10.jar;D:\Java\apache-maven-3.6.0\Repository\org\jboss\spec\javax\transaction\jboss-transaction-api_1.2_spec\1.1.1.Final\jboss-transaction-api_1.2_spec-1.1.1.Final.jar;D:\Java\apache-maven-3.6.0\Repository\org\apache\commons\commons-dbcp2\2.6.0\commons-dbcp2-2.6.0.jar;D:\Java\apache-maven-3.6.0\Repository\org\apache\commons\commons-pool2\2.6.1\commons-pool2-2.6.1.jar;D:\Java\apache-maven-3.6.0\Repository\commons-logging\commons-logging\1.2\commons-logging-1.2.jar;D:\Java\apache-maven-3.6.0\Repository\mysql\mysql-connector-java\8.0.15\mysql-connector-java-8.0.15.jar;D:\Java\apache-maven-3.6.0\Repository\com\google\protobuf\protobuf-java\3.6.1\protobuf-java-3.6.1.jar;D:\Java\apache-maven-3.6.0\Repository\org\springframework\spring-orm\5.1.6.RELEASE\spring-orm-5.1.6.RELEASE.jar;D:\Java\apache-maven-3.6.0\Repository\org\springframework\spring-beans\5.1.6.RELEASE\spring-beans-5.1.6.RELEASE.jar;D:\Java\apache-maven-3.6.0\Repository\org\springframework\spring-core\5.1.6.RELEASE\spring-core-5.1.6.RELEASE.jar;D:\Java\apache-maven-3.6.0\Repository\org\springframework\spring-jcl\5.1.6.RELEASE\spring-jcl-5.1.6.RELEASE.jar;D:\Java\apache-maven-3.6.0\Repository\org\springframework\spring-jdbc\5.1.6.RELEASE\spring-jdbc-5.1.6.RELEASE.jar;D:\Java\apache-maven-3.6.0\Repository\org\springframework\spring-tx\5.1.6.RELEASE\spring-tx-5.1.6.RELEASE.jar;D:\Java\workspace\sea.horse\sea.horse-base\target\classes;D:\Java\apache-maven-3.6.0\Repository\org\hibernate\javax\persistence\hibernate-jpa-2.1-api\1.0.2.Final\hibernate-jpa-2.1-api-1.0.2.Final.jar;D:\Java\apache-maven-3.6.0\Repository\org\apache\commons\commons-lang3\3.8.1\commons-lang3-3.8.1.jar;D:\Java\apache-maven-3.6.0\Repository\com\fasterxml\jackson\core\jackson-annotations\2.9.8\jackson-annotations-2.9.8.jar;D:\Java\apache-maven-3.6.0\Repository\org\springframework\data\spring-data-jpa\2.1.6.RELEASE\spring-data-jpa-2.1.6.RELEASE.jar;D:\Java\apache-maven-3.6.0\Repository\org\springframework\data\spring-data-commons\2.1.6.RELEASE\spring-data-commons-2.1.6.RELEASE.jar;D:\Java\apache-maven-3.6.0\Repository\org\aspectj\aspectjrt\1.9.2\aspectjrt-1.9.2.jar;D:\Java\apache-maven-3.6.0\Repository\junit\junit\4.12\junit-4.12.jar;D:\Java\apache-maven-3.6.0\Repository\org\hamcrest\hamcrest-core\1.3\hamcrest-core-1.3.jar;D:\Java\apache-maven-3.6.0\Repository\org\springframework\spring-webmvc\5.1.5.RELEASE\spring-webmvc-5.1.5.RELEASE.jar;D:\Java\apache-maven-3.6.0\Repository\org\springframework\spring-aop\5.1.5.RELEASE\spring-aop-5.1.5.RELEASE.jar;D:\Java\apache-maven-3.6.0\Repository\org\springframework\spring-context\5.1.5.RELEASE\spring-context-5.1.5.RELEASE.jar;D:\Java\apache-maven-3.6.0\Repository\org\springframework\spring-expression\5.1.5.RELEASE\spring-expression-5.1.5.RELEASE.jar;D:\Java\apache-maven-3.6.0\Repository\org\springframework\spring-web\5.1.5.RELEASE\spring-web-5.1.5.RELEASE.jar;D:\Java\apache-maven-3.6.0\Repository\org\apache\logging\log4j\log4j-api\2.11.0\log4j-api-2.11.0.jar;D:\Java\apache-maven-3.6.0\Repository\org\apache\logging\log4j\log4j-core\2.11.0\log4j-core-2.11.0.jar;D:\Java\apache-maven-3.6.0\Repository\org\apache\logging\log4j\log4j-slf4j-impl\2.11.2\log4j-slf4j-impl-2.11.2.jar;D:\Java\apache-maven-3.6.0\Repository\org\slf4j\slf4j-api\1.7.25\slf4j-api-1.7.25.jar;D:\Java\apache-maven-3.6.0\Repository\org\springframework\spring-test\5.1.0.RELEASE\spring-test-5.1.0.RELEASE.jar;"/>
    <property name="java.vm.vendor" value="Oracle Corporation"/>
    <property name="sun.arch.data.model" value="64"/>
    <property name="user.variant" value=""/>
    <property name="java.vendor.url" value="http://java.oracle.com/"/>
    <property name="user.timezone" value=""/>
    <property name="java.vm.specification.version" value="1.8"/>
    <property name="os.name" value="Windows 10"/>
    <property name="user.country" value="CN"/>
    <property name="sun.java.launcher" value="SUN_STANDARD"/>
    <property name="sun.boot.library.path" value="D:\Java\jdk1.8.0_201\jre\bin"/>
    <property name="sun.java.command" value="C:\Users\ADMINI~1\AppData\Local\Temp\surefire4096020564700803572\surefirebooter2770884566422366367.jar C:\Users\Administrator\AppData\Local\Temp\surefire4096020564700803572 2019-06-01T17-32-34_379-jvmRun1 surefire5698061742250531596tmp surefire_07447160614375733800tmp"/>
    <property name="surefire.test.class.path" value="D:\Java\workspace\sea.horse\sea.horse-dao\target\test-classes;D:\Java\workspace\sea.horse\sea.horse-dao\target\classes;D:\Java\apache-maven-3.6.0\Repository\org\hibernate\hibernate-entitymanager\5.4.2.Final\hibernate-entitymanager-5.4.2.Final.jar;D:\Java\apache-maven-3.6.0\Repository\org\jboss\logging\jboss-logging\3.3.2.Final\jboss-logging-3.3.2.Final.jar;D:\Java\apache-maven-3.6.0\Repository\org\hibernate\hibernate-core\5.4.2.Final\hibernate-core-5.4.2.Final.jar;D:\Java\apache-maven-3.6.0\Repository\org\javassist\javassist\3.24.0-GA\javassist-3.24.0-GA.jar;D:\Java\apache-maven-3.6.0\Repository\antlr\antlr\2.7.7\antlr-2.7.7.jar;D:\Java\apache-maven-3.6.0\Repository\org\jboss\jandex\2.0.5.Final\jandex-2.0.5.Final.jar;D:\Java\apache-maven-3.6.0\Repository\com\fasterxml\classmate\1.3.4\classmate-1.3.4.jar;D:\Java\apache-maven-3.6.0\Repository\javax\activation\javax.activation-api\1.2.0\javax.activation-api-1.2.0.jar;D:\Java\apache-maven-3.6.0\Repository\javax\xml\bind\jaxb-api\2.3.1\jaxb-api-2.3.1.jar;D:\Java\apache-maven-3.6.0\Repository\org\glassfish\jaxb\jaxb-runtime\2.3.1\jaxb-runtime-2.3.1.jar;D:\Java\apache-maven-3.6.0\Repository\org\glassfish\jaxb\txw2\2.3.1\txw2-2.3.1.jar;D:\Java\apache-maven-3.6.0\Repository\com\sun\istack\istack-commons-runtime\3.0.7\istack-commons-runtime-3.0.7.jar;D:\Java\apache-maven-3.6.0\Repository\org\jvnet\staxex\stax-ex\1.8\stax-ex-1.8.jar;D:\Java\apache-maven-3.6.0\Repository\com\sun\xml\fastinfoset\FastInfoset\1.2.15\FastInfoset-1.2.15.jar;D:\Java\apache-maven-3.6.0\Repository\org\dom4j\dom4j\2.1.1\dom4j-2.1.1.jar;D:\Java\apache-maven-3.6.0\Repository\org\hibernate\common\hibernate-commons-annotations\5.1.0.Final\hibernate-commons-annotations-5.1.0.Final.jar;D:\Java\apache-maven-3.6.0\Repository\javax\persistence\javax.persistence-api\2.2\javax.persistence-api-2.2.jar;D:\Java\apache-maven-3.6.0\Repository\net\bytebuddy\byte-buddy\1.9.10\byte-buddy-1.9.10.jar;D:\Java\apache-maven-3.6.0\Repository\org\jboss\spec\javax\transaction\jboss-transaction-api_1.2_spec\1.1.1.Final\jboss-transaction-api_1.2_spec-1.1.1.Final.jar;D:\Java\apache-maven-3.6.0\Repository\org\apache\commons\commons-dbcp2\2.6.0\commons-dbcp2-2.6.0.jar;D:\Java\apache-maven-3.6.0\Repository\org\apache\commons\commons-pool2\2.6.1\commons-pool2-2.6.1.jar;D:\Java\apache-maven-3.6.0\Repository\commons-logging\commons-logging\1.2\commons-logging-1.2.jar;D:\Java\apache-maven-3.6.0\Repository\mysql\mysql-connector-java\8.0.15\mysql-connector-java-8.0.15.jar;D:\Java\apache-maven-3.6.0\Repository\com\google\protobuf\protobuf-java\3.6.1\protobuf-java-3.6.1.jar;D:\Java\apache-maven-3.6.0\Repository\org\springframework\spring-orm\5.1.6.RELEASE\spring-orm-5.1.6.RELEASE.jar;D:\Java\apache-maven-3.6.0\Repository\org\springframework\spring-beans\5.1.6.RELEASE\spring-beans-5.1.6.RELEASE.jar;D:\Java\apache-maven-3.6.0\Repository\org\springframework\spring-core\5.1.6.RELEASE\spring-core-5.1.6.RELEASE.jar;D:\Java\apache-maven-3.6.0\Repository\org\springframework\spring-jcl\5.1.6.RELEASE\spring-jcl-5.1.6.RELEASE.jar;D:\Java\apache-maven-3.6.0\Repository\org\springframework\spring-jdbc\5.1.6.RELEASE\spring-jdbc-5.1.6.RELEASE.jar;D:\Java\apache-maven-3.6.0\Repository\org\springframework\spring-tx\5.1.6.RELEASE\spring-tx-5.1.6.RELEASE.jar;D:\Java\workspace\sea.horse\sea.horse-base\target\classes;D:\Java\apache-maven-3.6.0\Repository\org\hibernate\javax\persistence\hibernate-jpa-2.1-api\1.0.2.Final\hibernate-jpa-2.1-api-1.0.2.Final.jar;D:\Java\apache-maven-3.6.0\Repository\org\apache\commons\commons-lang3\3.8.1\commons-lang3-3.8.1.jar;D:\Java\apache-maven-3.6.0\Repository\com\fasterxml\jackson\core\jackson-annotations\2.9.8\jackson-annotations-2.9.8.jar;D:\Java\apache-maven-3.6.0\Repository\org\springframework\data\spring-data-jpa\2.1.6.RELEASE\spring-data-jpa-2.1.6.RELEASE.jar;D:\Java\apache-maven-3.6.0\Repository\org\springframework\data\spring-data-commons\2.1.6.RELEASE\spring-data-commons-2.1.6.RELEASE.jar;D:\Java\apache-maven-3.6.0\Repository\org\aspectj\aspectjrt\1.9.2\aspectjrt-1.9.2.jar;D:\Java\apache-maven-3.6.0\Repository\junit\junit\4.12\junit-4.12.jar;D:\Java\apache-maven-3.6.0\Repository\org\hamcrest\hamcrest-core\1.3\hamcrest-core-1.3.jar;D:\Java\apache-maven-3.6.0\Repository\org\springframework\spring-webmvc\5.1.5.RELEASE\spring-webmvc-5.1.5.RELEASE.jar;D:\Java\apache-maven-3.6.0\Repository\org\springframework\spring-aop\5.1.5.RELEASE\spring-aop-5.1.5.RELEASE.jar;D:\Java\apache-maven-3.6.0\Repository\org\springframework\spring-context\5.1.5.RELEASE\spring-context-5.1.5.RELEASE.jar;D:\Java\apache-maven-3.6.0\Repository\org\springframework\spring-expression\5.1.5.RELEASE\spring-expression-5.1.5.RELEASE.jar;D:\Java\apache-maven-3.6.0\Repository\org\springframework\spring-web\5.1.5.RELEASE\spring-web-5.1.5.RELEASE.jar;D:\Java\apache-maven-3.6.0\Repository\org\apache\logging\log4j\log4j-api\2.11.0\log4j-api-2.11.0.jar;D:\Java\apache-maven-3.6.0\Repository\org\apache\logging\log4j\log4j-core\2.11.0\log4j-core-2.11.0.jar;D:\Java\apache-maven-3.6.0\Repository\org\apache\logging\log4j\log4j-slf4j-impl\2.11.2\log4j-slf4j-impl-2.11.2.jar;D:\Java\apache-maven-3.6.0\Repository\org\slf4j\slf4j-api\1.7.25\slf4j-api-1.7.25.jar;D:\Java\apache-maven-3.6.0\Repository\org\springframework\spring-test\5.1.0.RELEASE\spring-test-5.1.0.RELEASE.jar;"/>
    <property name="sun.cpu.endian" value="little"/>
    <property name="user.home" value="C:\Users\Administrator"/>
    <property name="user.language" value="zh"/>
    <property name="java.specification.vendor" value="Oracle Corporation"/>
    <property name="java.home" value="D:\Java\jdk1.8.0_201\jre"/>
    <property name="basedir" value="D:\Java\workspace\sea.horse\sea.horse-dao"/>
    <property name="file.separator" value="\"/>
    <property name="line.separator" value="&#10;"/>
    <property name="java.vm.specification.vendor" value="Oracle Corporation"/>
    <property name="java.specification.name" value="Java Platform API Specification"/>
    <property name="java.awt.graphicsenv" value="sun.awt.Win32GraphicsEnvironment"/>
    <property name="surefire.real.class.path" value="C:\Users\ADMINI~1\AppData\Local\Temp\surefire4096020564700803572\surefirebooter2770884566422366367.jar"/>
    <property name="sun.boot.class.path" value="D:\Java\jdk1.8.0_201\jre\lib\resources.jar;D:\Java\jdk1.8.0_201\jre\lib\rt.jar;D:\Java\jdk1.8.0_201\jre\lib\sunrsasign.jar;D:\Java\jdk1.8.0_201\jre\lib\jsse.jar;D:\Java\jdk1.8.0_201\jre\lib\jce.jar;D:\Java\jdk1.8.0_201\jre\lib\charsets.jar;D:\Java\jdk1.8.0_201\jre\lib\jfr.jar;D:\Java\jdk1.8.0_201\jre\classes"/>
    <property name="user.script" value=""/>
    <property name="sun.management.compiler" value="HotSpot 64-Bit Tiered Compilers"/>
    <property name="java.runtime.version" value="1.8.0_201-b09"/>
    <property name="user.name" value="Administrator"/>
    <property name="path.separator" value=";"/>
    <property name="os.version" value="10.0"/>
    <property name="java.endorsed.dirs" value="D:\Java\jdk1.8.0_201\jre\lib\endorsed"/>
    <property name="java.runtime.name" value="Java(TM) SE Runtime Environment"/>
    <property name="file.encoding" value="GBK"/>
    <property name="java.vm.name" value="Java HotSpot(TM) 64-Bit Server VM"/>
    <property name="localRepository" value="D:\Java\apache-maven-3.6.0\Repository"/>
    <property name="java.vendor.url.bug" value="http://bugreport.sun.com/bugreport/"/>
    <property name="java.io.tmpdir" value="C:\Users\ADMINI~1\AppData\Local\Temp\"/>
    <property name="java.version" value="1.8.0_201"/>
    <property name="user.dir" value="D:\Java\workspace\sea.horse\sea.horse-dao"/>
    <property name="os.arch" value="amd64"/>
    <property name="java.vm.specification.name" value="Java Virtual Machine Specification"/>
    <property name="java.awt.printerjob" value="sun.awt.windows.WPrinterJob"/>
    <property name="sun.os.patch.level" value=""/>
    <property name="java.library.path" value="D:\Java\jdk1.8.0_201\jre\bin;C:\WINDOWS\Sun\Java\bin;C:\WINDOWS\system32;C:\WINDOWS;C:\Program Files (x86)\Intel\iCLS Client\;C:\Program Files\Intel\iCLS Client\;C:\WINDOWS\system32;C:\WINDOWS;C:\WINDOWS\System32\Wbem;C:\WINDOWS\System32\WindowsPowerShell\v1.0\;C:\WINDOWS\System32\OpenSSH\;C:\Program Files (x86)\Intel\Intel(R) Management Engine Components\DAL;C:\Program Files\Intel\Intel(R) Management Engine Components\DAL;C:\Program Files (x86)\Intel\Intel(R) Management Engine Components\IPT;C:\Program Files\Intel\Intel(R) Management Engine Components\IPT;D:\Java\jdk1.8.0_201\bin;D:\Java\jdk1.8.0_201\jre\bin;D:\Java\apache-maven-3.6.0\bin;D:\Java\apache-tomcat-8.5.38\lib;D:\Java\apache-tomcat-8.5.38\bin;C:\Program Files\Microsoft SQL Server\Client SDK\ODBC\130\Tools\Binn\;C:\Program Files (x86)\Microsoft SQL Server\140\Tools\Binn\;C:\Program Files\Microsoft SQL Server\140\Tools\Binn\;C:\Program Files\Microsoft SQL Server\140\DTS\Binn\;C:\Program Files (x86)\Microsoft SQL Server\Client SDK\ODBC\130\Tools\Binn\;C:\Program Files (x86)\Microsoft SQL Server\140\DTS\Binn\;C:\Program Files (x86)\Microsoft SQL Server\140\Tools\Binn\ManagementStudio\;D:\Java\MySQL\bin;C:\Users\Administrator\AppData\Local\Microsoft\WindowsApps;C:\Users\Administrator\AppData\Local\GitHubDesktop\bin;."/>
    <property name="java.vm.info" value="mixed mode"/>
    <property name="java.vendor" value="Oracle Corporation"/>
    <property name="java.vm.version" value="25.201-b09"/>
    <property name="java.ext.dirs" value="D:\Java\jdk1.8.0_201\jre\lib\ext;C:\WINDOWS\Sun\Java\lib\ext"/>
    <property name="sun.io.unicode.encoding" value="UnicodeLittle"/>
    <property name="java.class.version" value="52.0"/>
  </properties>
  <testcase name="testGetRoot" classname="pioneer.seahorse.distribution.dao.DeliveryclerkDaoTest" time="0.34"/>
</testsuite>