<?xml version="1.0" encoding="UTF-8"?>
<testsuite xmlns:xsi="http://www.w3.org/2001/XMLSchema-instance" xsi:noNamespaceSchemaLocation="https://maven.apache.org/surefire/maven-surefire-plugin/xsd/surefire-test-report.xsd" name="org.sea.horse.dao.AppTest" time="0.008" tests="1" errors="0" skipped="0" failures="0">
  <properties>
    <property name="sun.desktop" value="windows"/>
    <property name="awt.toolkit" value="sun.awt.windows.WToolkit"/>
    <property name="file.encoding.pkg" value="sun.io"/>
    <property name="java.specification.version" value="1.8"/>
    <property name="sun.cpu.isalist" value="amd64"/>
    <property name="sun.jnu.encoding" value="GBK"/>
    <property name="java.class.path" value="D:\Java\eclipse\sea.horse\sea.horse-dao\target\test-classes;D:\Java\eclipse\sea.horse\sea.horse-dao\target\classes;D:\Java\Maven\Repository\junit\junit\3.8.1\junit-3.8.1.jar;D:\Java\Maven\Repository\org\hibernate\hibernate-entitymanager\5.4.2.Final\hibernate-entitymanager-5.4.2.Final.jar;D:\Java\Maven\Repository\org\jboss\logging\jboss-logging\3.3.2.Final\jboss-logging-3.3.2.Final.jar;D:\Java\Maven\Repository\org\hibernate\hibernate-core\5.4.2.Final\hibernate-core-5.4.2.Final.jar;D:\Java\Maven\Repository\org\javassist\javassist\3.24.0-GA\javassist-3.24.0-GA.jar;D:\Java\Maven\Repository\antlr\antlr\2.7.7\antlr-2.7.7.jar;D:\Java\Maven\Repository\org\jboss\jandex\2.0.5.Final\jandex-2.0.5.Final.jar;D:\Java\Maven\Repository\com\fasterxml\classmate\1.3.4\classmate-1.3.4.jar;D:\Java\Maven\Repository\javax\activation\javax.activation-api\1.2.0\javax.activation-api-1.2.0.jar;D:\Java\Maven\Repository\javax\xml\bind\jaxb-api\2.3.1\jaxb-api-2.3.1.jar;D:\Java\Maven\Repository\org\glassfish\jaxb\jaxb-runtime\2.3.1\jaxb-runtime-2.3.1.jar;D:\Java\Maven\Repository\org\glassfish\jaxb\txw2\2.3.1\txw2-2.3.1.jar;D:\Java\Maven\Repository\com\sun\istack\istack-commons-runtime\3.0.7\istack-commons-runtime-3.0.7.jar;D:\Java\Maven\Repository\org\jvnet\staxex\stax-ex\1.8\stax-ex-1.8.jar;D:\Java\Maven\Repository\com\sun\xml\fastinfoset\FastInfoset\1.2.15\FastInfoset-1.2.15.jar;D:\Java\Maven\Repository\org\dom4j\dom4j\2.1.1\dom4j-2.1.1.jar;D:\Java\Maven\Repository\org\hibernate\common\hibernate-commons-annotations\5.1.0.Final\hibernate-commons-annotations-5.1.0.Final.jar;D:\Java\Maven\Repository\javax\persistence\javax.persistence-api\2.2\javax.persistence-api-2.2.jar;D:\Java\Maven\Repository\net\bytebuddy\byte-buddy\1.9.10\byte-buddy-1.9.10.jar;D:\Java\Maven\Repository\org\jboss\spec\javax\transaction\jboss-transaction-api_1.2_spec\1.1.1.Final\jboss-transaction-api_1.2_spec-1.1.1.Final.jar;D:\Java\Maven\Repository\org\apache\commons\commons-dbcp2\2.6.0\commons-dbcp2-2.6.0.jar;D:\Java\Maven\Repository\org\apache\commons\commons-pool2\2.6.1\commons-pool2-2.6.1.jar;D:\Java\Maven\Repository\commons-logging\commons-logging\1.2\commons-logging-1.2.jar;D:\Java\Maven\Repository\mysql\mysql-connector-java\8.0.15\mysql-connector-java-8.0.15.jar;D:\Java\Maven\Repository\com\google\protobuf\protobuf-java\3.6.1\protobuf-java-3.6.1.jar;D:\Java\Maven\Repository\org\springframework\spring-webmvc\5.1.5.RELEASE\spring-webmvc-5.1.5.RELEASE.jar;D:\Java\Maven\Repository\org\springframework\spring-aop\5.1.5.RELEASE\spring-aop-5.1.5.RELEASE.jar;D:\Java\Maven\Repository\org\springframework\spring-beans\5.1.5.RELEASE\spring-beans-5.1.5.RELEASE.jar;D:\Java\Maven\Repository\org\springframework\spring-context\5.1.5.RELEASE\spring-context-5.1.5.RELEASE.jar;D:\Java\Maven\Repository\org\springframework\spring-core\5.1.5.RELEASE\spring-core-5.1.5.RELEASE.jar;D:\Java\Maven\Repository\org\springframework\spring-jcl\5.1.5.RELEASE\spring-jcl-5.1.5.RELEASE.jar;D:\Java\Maven\Repository\org\springframework\spring-expression\5.1.5.RELEASE\spring-expression-5.1.5.RELEASE.jar;D:\Java\Maven\Repository\org\springframework\spring-web\5.1.5.RELEASE\spring-web-5.1.5.RELEASE.jar;D:\Java\Maven\Repository\org\apache\logging\log4j\log4j-api\2.11.0\log4j-api-2.11.0.jar;D:\Java\Maven\Repository\org\apache\logging\log4j\log4j-core\2.11.0\log4j-core-2.11.0.jar;D:\Java\Maven\Repository\org\apache\logging\log4j\log4j-slf4j-impl\2.11.2\log4j-slf4j-impl-2.11.2.jar;D:\Java\Maven\Repository\org\slf4j\slf4j-api\1.7.25\slf4j-api-1.7.25.jar;D:\Java\Maven\Repository\org\springframework\spring-test\5.1.0.RELEASE\spring-test-5.1.0.RELEASE.jar;"/>
    <property name="java.vm.vendor" value="Oracle Corporation"/>
    <property name="sun.arch.data.model" value="64"/>
    <property name="user.variant" value=""/>
    <property name="java.vendor.url" value="http://java.oracle.com/"/>
    <property name="user.timezone" value=""/>
    <property name="java.vm.specification.version" value="1.8"/>
    <property name="os.name" value="Windows 10"/>
    <property name="user.country" value="CN"/>
    <property name="sun.java.launcher" value="SUN_STANDARD"/>
    <property name="sun.boot.library.path" value="D:\Java\jre\bin"/>
    <property name="sun.java.command" value="C:\Users\LEGEND~1.ARE\AppData\Local\Temp\surefire2766162963749558059\surefirebooter8407690162086537091.jar C:\Users\LEGEND.ARES\AppData\Local\Temp\surefire2766162963749558059 2019-05-15T17-17-56_637-jvmRun1 surefire7228334881783586935tmp surefire_11618786807021202084tmp"/>
    <property name="surefire.test.class.path" value="D:\Java\eclipse\sea.horse\sea.horse-dao\target\test-classes;D:\Java\eclipse\sea.horse\sea.horse-dao\target\classes;D:\Java\Maven\Repository\junit\junit\3.8.1\junit-3.8.1.jar;D:\Java\Maven\Repository\org\hibernate\hibernate-entitymanager\5.4.2.Final\hibernate-entitymanager-5.4.2.Final.jar;D:\Java\Maven\Repository\org\jboss\logging\jboss-logging\3.3.2.Final\jboss-logging-3.3.2.Final.jar;D:\Java\Maven\Repository\org\hibernate\hibernate-core\5.4.2.Final\hibernate-core-5.4.2.Final.jar;D:\Java\Maven\Repository\org\javassist\javassist\3.24.0-GA\javassist-3.24.0-GA.jar;D:\Java\Maven\Repository\antlr\antlr\2.7.7\antlr-2.7.7.jar;D:\Java\Maven\Repository\org\jboss\jandex\2.0.5.Final\jandex-2.0.5.Final.jar;D:\Java\Maven\Repository\com\fasterxml\classmate\1.3.4\classmate-1.3.4.jar;D:\Java\Maven\Repository\javax\activation\javax.activation-api\1.2.0\javax.activation-api-1.2.0.jar;D:\Java\Maven\Repository\javax\xml\bind\jaxb-api\2.3.1\jaxb-api-2.3.1.jar;D:\Java\Maven\Repository\org\glassfish\jaxb\jaxb-runtime\2.3.1\jaxb-runtime-2.3.1.jar;D:\Java\Maven\Repository\org\glassfish\jaxb\txw2\2.3.1\txw2-2.3.1.jar;D:\Java\Maven\Repository\com\sun\istack\istack-commons-runtime\3.0.7\istack-commons-runtime-3.0.7.jar;D:\Java\Maven\Repository\org\jvnet\staxex\stax-ex\1.8\stax-ex-1.8.jar;D:\Java\Maven\Repository\com\sun\xml\fastinfoset\FastInfoset\1.2.15\FastInfoset-1.2.15.jar;D:\Java\Maven\Repository\org\dom4j\dom4j\2.1.1\dom4j-2.1.1.jar;D:\Java\Maven\Repository\org\hibernate\common\hibernate-commons-annotations\5.1.0.Final\hibernate-commons-annotations-5.1.0.Final.jar;D:\Java\Maven\Repository\javax\persistence\javax.persistence-api\2.2\javax.persistence-api-2.2.jar;D:\Java\Maven\Repository\net\bytebuddy\byte-buddy\1.9.10\byte-buddy-1.9.10.jar;D:\Java\Maven\Repository\org\jboss\spec\javax\transaction\jboss-transaction-api_1.2_spec\1.1.1.Final\jboss-transaction-api_1.2_spec-1.1.1.Final.jar;D:\Java\Maven\Repository\org\apache\commons\commons-dbcp2\2.6.0\commons-dbcp2-2.6.0.jar;D:\Java\Maven\Repository\org\apache\commons\commons-pool2\2.6.1\commons-pool2-2.6.1.jar;D:\Java\Maven\Repository\commons-logging\commons-logging\1.2\commons-logging-1.2.jar;D:\Java\Maven\Repository\mysql\mysql-connector-java\8.0.15\mysql-connector-java-8.0.15.jar;D:\Java\Maven\Repository\com\google\protobuf\protobuf-java\3.6.1\protobuf-java-3.6.1.jar;D:\Java\Maven\Repository\org\springframework\spring-webmvc\5.1.5.RELEASE\spring-webmvc-5.1.5.RELEASE.jar;D:\Java\Maven\Repository\org\springframework\spring-aop\5.1.5.RELEASE\spring-aop-5.1.5.RELEASE.jar;D:\Java\Maven\Repository\org\springframework\spring-beans\5.1.5.RELEASE\spring-beans-5.1.5.RELEASE.jar;D:\Java\Maven\Repository\org\springframework\spring-context\5.1.5.RELEASE\spring-context-5.1.5.RELEASE.jar;D:\Java\Maven\Repository\org\springframework\spring-core\5.1.5.RELEASE\spring-core-5.1.5.RELEASE.jar;D:\Java\Maven\Repository\org\springframework\spring-jcl\5.1.5.RELEASE\spring-jcl-5.1.5.RELEASE.jar;D:\Java\Maven\Repository\org\springframework\spring-expression\5.1.5.RELEASE\spring-expression-5.1.5.RELEASE.jar;D:\Java\Maven\Repository\org\springframework\spring-web\5.1.5.RELEASE\spring-web-5.1.5.RELEASE.jar;D:\Java\Maven\Repository\org\apache\logging\log4j\log4j-api\2.11.0\log4j-api-2.11.0.jar;D:\Java\Maven\Repository\org\apache\logging\log4j\log4j-core\2.11.0\log4j-core-2.11.0.jar;D:\Java\Maven\Repository\org\apache\logging\log4j\log4j-slf4j-impl\2.11.2\log4j-slf4j-impl-2.11.2.jar;D:\Java\Maven\Repository\org\slf4j\slf4j-api\1.7.25\slf4j-api-1.7.25.jar;D:\Java\Maven\Repository\org\springframework\spring-test\5.1.0.RELEASE\spring-test-5.1.0.RELEASE.jar;"/>
    <property name="sun.cpu.endian" value="little"/>
    <property name="user.home" value="C:\Users\LEGEND.ARES"/>
    <property name="user.language" value="zh"/>
    <property name="java.specification.vendor" value="Oracle Corporation"/>
    <property name="java.home" value="D:\Java\jre"/>
    <property name="basedir" value="D:\Java\eclipse\sea.horse\sea.horse-dao"/>
    <property name="file.separator" value="\"/>
    <property name="line.separator" value="&#10;"/>
    <property name="java.vm.specification.vendor" value="Oracle Corporation"/>
    <property name="java.specification.name" value="Java Platform API Specification"/>
    <property name="java.awt.graphicsenv" value="sun.awt.Win32GraphicsEnvironment"/>
    <property name="surefire.real.class.path" value="C:\Users\LEGEND~1.ARE\AppData\Local\Temp\surefire2766162963749558059\surefirebooter8407690162086537091.jar"/>
    <property name="sun.boot.class.path" value="D:\Java\jre\lib\resources.jar;D:\Java\jre\lib\rt.jar;D:\Java\jre\lib\sunrsasign.jar;D:\Java\jre\lib\jsse.jar;D:\Java\jre\lib\jce.jar;D:\Java\jre\lib\charsets.jar;D:\Java\jre\lib\jfr.jar;D:\Java\jre\classes"/>
    <property name="user.script" value=""/>
    <property name="sun.management.compiler" value="HotSpot 64-Bit Tiered Compilers"/>
    <property name="java.runtime.version" value="1.8.0_201-b09"/>
    <property name="user.name" value="LEGEND.ARES"/>
    <property name="path.separator" value=";"/>
    <property name="os.version" value="10.0"/>
    <property name="java.endorsed.dirs" value="D:\Java\jre\lib\endorsed"/>
    <property name="java.runtime.name" value="Java(TM) SE Runtime Environment"/>
    <property name="file.encoding" value="GBK"/>
    <property name="java.vm.name" value="Java HotSpot(TM) 64-Bit Server VM"/>
    <property name="localRepository" value="D:\Java\Maven\Repository"/>
    <property name="java.vendor.url.bug" value="http://bugreport.sun.com/bugreport/"/>
    <property name="java.io.tmpdir" value="C:\Users\LEGEND~1.ARE\AppData\Local\Temp\"/>
    <property name="java.version" value="1.8.0_201"/>
    <property name="user.dir" value="D:\Java\eclipse\sea.horse\sea.horse-dao"/>
    <property name="os.arch" value="amd64"/>
    <property name="java.vm.specification.name" value="Java Virtual Machine Specification"/>
    <property name="java.awt.printerjob" value="sun.awt.windows.WPrinterJob"/>
    <property name="sun.os.patch.level" value=""/>
    <property name="java.library.path" value="D:\Java\jre\bin;C:\WINDOWS\Sun\Java\bin;C:\WINDOWS\system32;C:\WINDOWS;D:/Java/bin/../jre/bin/server;D:/Java/bin/../jre/bin;D:/Java/bin/../jre/lib/amd64;C:\Program Files (x86)\Intel\iCLS Client\;C:\Program Files\Intel\iCLS Client\;C:\Windows\system32;C:\Windows;C:\Windows\System32\Wbem;C:\Windows\System32\WindowsPowerShell\v1.0\;C:\Program Files (x86)\NVIDIA Corporation\PhysX\Common;C:\Program Files (x86)\Intel\Intel(R) Management Engine Components\DAL;C:\Program Files\Intel\Intel(R) Management Engine Components\DAL;C:\Program Files (x86)\Intel\Intel(R) Management Engine Components\IPT;C:\Program Files\Intel\Intel(R) Management Engine Components\IPT;C:\Program Files\Intel\WiFi\bin\;C:\Program Files\Common Files\Intel\WirelessCommon\;C:\WINDOWS\system32;C:\WINDOWS;C:\WINDOWS\System32\Wbem;C:\WINDOWS\System32\WindowsPowerShell\v1.0\;C:\Program Files\dotnet\;C:\WINDOWS\System32\OpenSSH\;D:\Java\bin;D:\Java\jre\bin;D:\Java\Maven\apache-maven-3.6.0\bin;D:\Java\Tomcat\apache-tomcat-8.5.38\bin;D:\Java\Tomcat\apache-tomcat-8.5.38\lib;C:\Program Files\Microsoft SQL Server\Client SDK\ODBC\130\Tools\Binn\;C:\Program Files (x86)\Microsoft SQL Server\140\Tools\Binn\;C:\Program Files\Microsoft SQL Server\140\Tools\Binn\;C:\Program Files\Microsoft SQL Server\140\DTS\Binn\;C:\Program Files (x86)\Microsoft SQL Server\Client SDK\ODBC\130\Tools\Binn\;C:\Program Files (x86)\Microsoft SQL Server\140\DTS\Binn\;C:\Program Files (x86)\Microsoft SQL Server\140\Tools\Binn\ManagementStudio\;C:\Users\LEGEND.ARES\AppData\Local\Microsoft\WindowsApps;;D:\Java\eclipse\eclipse;;."/>
    <property name="java.vm.info" value="mixed mode"/>
    <property name="java.vendor" value="Oracle Corporation"/>
    <property name="java.vm.version" value="25.201-b09"/>
    <property name="java.ext.dirs" value="D:\Java\jre\lib\ext;C:\WINDOWS\Sun\Java\lib\ext"/>
    <property name="sun.io.unicode.encoding" value="UnicodeLittle"/>
    <property name="java.class.version" value="52.0"/>
  </properties>
  <testcase name="testApp" classname="org.sea.horse.dao.AppTest" time="0.002"/>
</testsuite>